INFO: checking out_of_order
WARNING: The following systems are executed out-of-order:
   In System 'traj.phases.phase0.rhs_all', subsystem 'comp5b' executes out-of-order with respect to its source systems ['tfcompute']

INFO: checking system
INFO: checking solvers
INFO: checking dup_inputs
INFO: checking missing_recorders
WARNING: The Problem has no recorder of any kind attached
INFO: checking unserializable_options
INFO: checking comp_has_no_outputs
INFO: checking auto_ivc_warnings
INFO: checking out_of_order
WARNING: The following systems are executed out-of-order:
   In System 'traj.phases.phase0.rhs_all', subsystem 'comp5b' executes out-of-order with respect to its source systems ['tfcompute']

INFO: checking system
INFO: checking solvers
INFO: checking dup_inputs
INFO: checking missing_recorders
WARNING: The Problem has no recorder of any kind attached
INFO: checking unserializable_options
INFO: checking comp_has_no_outputs
INFO: checking auto_ivc_warnings
INFO: checking out_of_order
WARNING: The following systems are executed out-of-order:
   In System 'traj.phases.phase0.rhs_all', subsystem 'comp5b' executes out-of-order with respect to its source systems ['tfcompute']

INFO: checking system
INFO: checking solvers
INFO: checking dup_inputs
INFO: checking missing_recorders
WARNING: The Problem has no recorder of any kind attached
INFO: checking unserializable_options
INFO: checking comp_has_no_outputs
INFO: checking auto_ivc_warnings
