



   ---------------------------------------------------------------------------
     START OF THE SEQUENTIAL LEAST SQUARES PROGRAMMING ALGORIT  
   ---------------------------------------------------------------------------

     PARAMETERS:
        ACC =   0.1000D-05
        MAXITER =500
        IPRINT =   1
IOUT =  60


     ITER =    1     OBJ =  0.29761562E+06
     ITER =    2     OBJ =  0.33251659E+06
     ITER =    3     OBJ =  0.35699077E+06
     ITER =    4     OBJ =  0.38195534E+06
     ITER =    5     OBJ =  0.41375180E+06
     ITER =    6     OBJ =  0.42287353E+06
     ITER =    7     OBJ =  0.43138872E+06
     ITER =    8     OBJ =  0.43020339E+06
     ITER =    9     OBJ =  0.43284633E+06
     ITER =   10     OBJ =  0.43138189E+06
     ITER =   11     OBJ =  0.43123649E+06
     ITER =   12     OBJ =  0.43146813E+06
     ITER =   13     OBJ =  0.43174613E+06
     ITER =   14     OBJ =  0.43162690E+06
     ITER =   15     OBJ =  0.43164211E+06
     ITER =   16     OBJ =  0.43166049E+06
     ITER =   17     OBJ =  0.43163977E+06
     ITER =   18     OBJ =  0.43172343E+06
     ITER =   19     OBJ =  0.43181019E+06
     ITER =   20     OBJ =  0.43338075E+06
     ITER =   21     OBJ =  0.43337658E+06
     ITER =   22     OBJ =  0.43335697E+06
     ITER =   23     OBJ =  0.43326609E+06
     ITER =   24     OBJ =  0.43309513E+06
     ITER =   25     OBJ =  0.43061508E+06
     ITER =   26     OBJ =  0.43006308E+06
     ITER =   27     OBJ =  0.43003974E+06
     ITER =   28     OBJ =  0.43095016E+06
     ITER =   29     OBJ =  0.43094616E+06
     ITER =   30     OBJ =  0.43117999E+06
     ITER =   31     OBJ =  0.42922418E+06
     ITER =   33     OBJ =  0.42922418E+06
     ITER =   34     OBJ =  0.42922418E+06
     ITER =   35     OBJ =  0.42922418E+06
     ITER =   36     OBJ =  0.42922382E+06
     ITER =   37     OBJ =  0.42922164E+06
     ITER =   38     OBJ =  0.42922159E+06
     ITER =   39     OBJ =  0.42902364E+06
     ITER =   40     OBJ =  0.42846347E+06
     ITER =   41     OBJ =  0.42846300E+06
     ITER =   42     OBJ =  0.42846063E+06
     ITER =   43     OBJ =  0.42844871E+06
     ITER =   44     OBJ =  0.42844821E+06
     ITER =   45     OBJ =  0.42843680E+06
     ITER =   47     OBJ =  0.42843680E+06
     ITER =   48     OBJ =  0.42843680E+06
     ITER =   49     OBJ =  0.42843680E+06
     ITER =   50     OBJ =  0.42843680E+06
     ITER =   51     OBJ =  0.42843489E+06
     ITER =   52     OBJ =  0.42843505E+06
     ITER =   53     OBJ =  0.42853784E+06
     ITER =   54     OBJ =  0.42854980E+06
     ITER =   55     OBJ =  0.42854980E+06
     ITER =   56     OBJ =  0.42854980E+06
     ITER =   57     OBJ =  0.42854980E+06
     ITER =   58     OBJ =  0.42869842E+06
     ITER =   59     OBJ =  0.42869842E+06
     ITER =   61     OBJ =  0.43028936E+06
     ITER =   62     OBJ =  0.43073154E+06
     ITER =   63     OBJ =  0.43079353E+06
     ITER =   64     OBJ =  0.43078457E+06
     ITER =   65     OBJ =  0.43078698E+06
     ITER =   66     OBJ =  0.43078185E+06
     ITER =   67     OBJ =  0.43078145E+06
     ITER =   68     OBJ =  0.43080368E+06
     ITER =   69     OBJ =  0.43080082E+06
     ITER =   70     OBJ =  0.43080001E+06
     ITER =   71     OBJ =  0.43079905E+06
     ITER =   72     OBJ =  0.43079678E+06
     ITER =   73     OBJ =  0.43085106E+06
     ITER =   74     OBJ =  0.43086505E+06
     ITER =   75     OBJ =  0.43085923E+06
     ITER =   76     OBJ =  0.43085880E+06
     ITER =   77     OBJ =  0.43085908E+06
     ITER =   78     OBJ =  0.43085914E+06
     ITER =   79     OBJ =  0.43085913E+06
     ITER =   81     OBJ =  0.43085913E+06
     ITER =   82     OBJ =  0.43085913E+06
     ITER =   83     OBJ =  0.43085893E+06
     ITER =   84     OBJ =  0.43085890E+06
     ITER =   85     OBJ =  0.43086174E+06
     ITER =   86     OBJ =  0.43085558E+06
     ITER =   87     OBJ =  0.43085554E+06
     ITER =   88     OBJ =  0.43084475E+06
     ITER =   89     OBJ =  0.43085027E+06
     ITER =   90     OBJ =  0.43085659E+06
     ITER =   91     OBJ =  0.43085659E+06
     ITER =   92     OBJ =  0.43085659E+06
     ITER =   93     OBJ =  0.43085659E+06
     ITER =   94     OBJ =  0.43085659E+06
     ITER =   95     OBJ =  0.43085659E+06
     ITER =   96     OBJ =  0.43084691E+06
     ITER =   97     OBJ =  0.43076296E+06
     ITER =   98     OBJ =  0.43066411E+06
     ITER =   99     OBJ =  0.43066499E+06
     ITER =  100     OBJ =  0.43066585E+06
     ITER =  101     OBJ =  0.43066671E+06
     ITER =  102     OBJ =  0.43067965E+06
     ITER =  103     OBJ =  0.43070067E+06
     ITER =  104     OBJ =  0.43070067E+06
     ITER =  105     OBJ =  0.43070067E+06
     ITER =  106     OBJ =  0.43076001E+06
     ITER =  107     OBJ =  0.43068696E+06
     ITER =  108     OBJ =  0.43068695E+06
     ITER =  109     OBJ =  0.43068727E+06
     ITER =  110     OBJ =  0.43068727E+06
     ITER =  111     OBJ =  0.43068763E+06
     ITER =  112     OBJ =  0.43058072E+06
        NUMBER OF FUNC-CALLS:  NFUNC = 548
        NUMBER OF GRAD-CALLS:  NGRAD = 109
