



   ---------------------------------------------------------------------------
     START OF THE SEQUENTIAL LEAST SQUARES PROGRAMMING ALGORIT  
   ---------------------------------------------------------------------------

     PARAMETERS:
        ACC =   0.1000D-05
        MAXITER =500
        IPRINT =   1
IOUT =  60


     ITER =    1     OBJ =  0.30988242E+06
     ITER =    2     OBJ =  0.36662262E+06
     ITER =    3     OBJ =  0.36655676E+06
     ITER =    4     OBJ =  0.36779920E+06
     ITER =    5     OBJ =  0.36782239E+06
     ITER =    6     OBJ =  0.36782365E+06
     ITER =    7     OBJ =  0.36782498E+06
     ITER =    8     OBJ =  0.36782701E+06
     ITER =    9     OBJ =  0.37498499E+06
     ITER =   10     OBJ =  0.39231167E+06
     ITER =   11     OBJ =  0.43416089E+06
     ITER =   12     OBJ =  0.43666266E+06
     ITER =   13     OBJ =  0.44297384E+06
     ITER =   14     OBJ =  0.46689789E+06
     ITER =   15     OBJ =  0.48541170E+06
     ITER =   16     OBJ =  0.50787012E+06
     ITER =   17     OBJ =  0.54070648E+06
     ITER =   18     OBJ =  0.55563044E+06
     ITER =   19     OBJ =  0.56576333E+06
     ITER =   20     OBJ =  0.57160872E+06
     ITER =   21     OBJ =  0.57782622E+06
     ITER =   22     OBJ =  0.58187936E+06
     ITER =   23     OBJ =  0.58221335E+06
     ITER =   24     OBJ =  0.58399204E+06
     ITER =   25     OBJ =  0.58463608E+06
     ITER =   26     OBJ =  0.58546591E+06
     ITER =   27     OBJ =  0.58624436E+06
     ITER =   28     OBJ =  0.58820164E+06
     ITER =   29     OBJ =  0.58953875E+06
     ITER =   30     OBJ =  0.59126913E+06
     ITER =   31     OBJ =  0.59255988E+06
     ITER =   32     OBJ =  0.59407324E+06
     ITER =   33     OBJ =  0.59512997E+06
     ITER =   34     OBJ =  0.59612507E+06
     ITER =   35     OBJ =  0.59681230E+06
     ITER =   36     OBJ =  0.59713107E+06
     ITER =   37     OBJ =  0.59765812E+06
     ITER =   38     OBJ =  0.59814944E+06
     ITER =   39     OBJ =  0.59858530E+06
     ITER =   40     OBJ =  0.59885002E+06
     ITER =   41     OBJ =  0.59942224E+06
     ITER =   42     OBJ =  0.59964680E+06
     ITER =   43     OBJ =  0.59969757E+06
     ITER =   44     OBJ =  0.60000000E+06
     ITER =   45     OBJ =  0.60000000E+06
     ITER =   46     OBJ =  0.60000000E+06
     ITER =   47     OBJ =  0.60000000E+06
     ITER =   48     OBJ =  0.60000000E+06
     ITER =   49     OBJ =  0.60000000E+06
     ITER =   50     OBJ =  0.60000000E+06
     ITER =   51     OBJ =  0.60000000E+06
     ITER =   52     OBJ =  0.60000000E+06
     ITER =   53     OBJ =  0.59999718E+06
     ITER =   54     OBJ =  0.59999582E+06
     ITER =   55     OBJ =  0.59999477E+06
     ITER =   56     OBJ =  0.59999288E+06
     ITER =   57     OBJ =  0.59998933E+06
     ITER =   58     OBJ =  0.59998341E+06
     ITER =   59     OBJ =  0.59997290E+06
     ITER =   60     OBJ =  0.59995297E+06
     ITER =   61     OBJ =  0.59991713E+06
     ITER =   62     OBJ =  0.59988467E+06
     ITER =   63     OBJ =  0.59980983E+06
     ITER =   64     OBJ =  0.59980126E+06
     ITER =   65     OBJ =  0.59976724E+06
     ITER =   66     OBJ =  0.59971394E+06
     ITER =   67     OBJ =  0.59973519E+06
     ITER =   68     OBJ =  0.59973299E+06
     ITER =   69     OBJ =  0.59973122E+06
     ITER =   70     OBJ =  0.59972626E+06
     ITER =   71     OBJ =  0.59971717E+06
     ITER =   72     OBJ =  0.59971927E+06
     ITER =   73     OBJ =  0.59971713E+06
     ITER =   74     OBJ =  0.59970893E+06
     ITER =   75     OBJ =  0.59969091E+06
     ITER =   76     OBJ =  0.59968395E+06
     ITER =   77     OBJ =  0.59968141E+06
     ITER =   78     OBJ =  0.59967369E+06
     ITER =   79     OBJ =  0.59967348E+06
     ITER =   80     OBJ =  0.59966715E+06
     ITER =   81     OBJ =  0.59966461E+06
     ITER =   82     OBJ =  0.59965303E+06
     ITER =   83     OBJ =  0.59963294E+06
     ITER =   84     OBJ =  0.59961159E+06
     ITER =   85     OBJ =  0.59959070E+06
     ITER =   86     OBJ =  0.59958760E+06
     ITER =   87     OBJ =  0.59958033E+06
     ITER =   88     OBJ =  0.59956390E+06
     ITER =   89     OBJ =  0.59954094E+06
     ITER =   90     OBJ =  0.59952804E+06
     ITER =   91     OBJ =  0.59952503E+06
     ITER =   92     OBJ =  0.59951521E+06
     ITER =   93     OBJ =  0.59950338E+06
     ITER =   94     OBJ =  0.59949222E+06
     ITER =   95     OBJ =  0.59946691E+06
     ITER =   96     OBJ =  0.59943915E+06
     ITER =   97     OBJ =  0.59940376E+06
     ITER =   98     OBJ =  0.59941765E+06
     ITER =   99     OBJ =  0.59941152E+06
     ITER =  100     OBJ =  0.59940561E+06
     ITER =  101     OBJ =  0.59938977E+06
     ITER =  102     OBJ =  0.59938671E+06
     ITER =  103     OBJ =  0.59936425E+06
     ITER =  104     OBJ =  0.59928242E+06
     ITER =  105     OBJ =  0.59922185E+06
     ITER =  106     OBJ =  0.59923331E+06
     ITER =  107     OBJ =  0.59922779E+06
     ITER =  108     OBJ =  0.59920069E+06
     ITER =  109     OBJ =  0.59917278E+06
     ITER =  110     OBJ =  0.59911832E+06
     ITER =  111     OBJ =  0.59910112E+06
     ITER =  112     OBJ =  0.59906515E+06
     ITER =  113     OBJ =  0.59905912E+06
     ITER =  114     OBJ =  0.59905668E+06
     ITER =  115     OBJ =  0.59905297E+06
     ITER =  116     OBJ =  0.59904349E+06
     ITER =  117     OBJ =  0.59901925E+06
     ITER =  118     OBJ =  0.59898478E+06
     ITER =  119     OBJ =  0.59894848E+06
     ITER =  120     OBJ =  0.59892072E+06
     ITER =  121     OBJ =  0.59891262E+06
     ITER =  122     OBJ =  0.59890578E+06
     ITER =  123     OBJ =  0.59889870E+06
     ITER =  124     OBJ =  0.59888919E+06
     ITER =  125     OBJ =  0.59887625E+06
     ITER =  126     OBJ =  0.59883983E+06
     ITER =  127     OBJ =  0.59876340E+06
     ITER =  128     OBJ =  0.59874110E+06
     ITER =  129     OBJ =  0.59873905E+06
     ITER =  130     OBJ =  0.59873321E+06
     ITER =  131     OBJ =  0.59872906E+06
     ITER =  132     OBJ =  0.59872416E+06
     ITER =  133     OBJ =  0.59871416E+06
     ITER =  134     OBJ =  0.59870771E+06
     ITER =  135     OBJ =  0.59870115E+06
     ITER =  136     OBJ =  0.59870037E+06
     ITER =  137     OBJ =  0.59869465E+06
     ITER =  138     OBJ =  0.59869314E+06
     ITER =  139     OBJ =  0.59868615E+06
     ITER =  140     OBJ =  0.59866867E+06
     ITER =  141     OBJ =  0.59867570E+06
     ITER =  142     OBJ =  0.59867365E+06
     ITER =  143     OBJ =  0.59866271E+06
     ITER =  144     OBJ =  0.59863182E+06
     ITER =  145     OBJ =  0.59858133E+06
     ITER =  146     OBJ =  0.59854148E+06
     ITER =  147     OBJ =  0.59854352E+06
     ITER =  148     OBJ =  0.59850398E+06
     ITER =  149     OBJ =  0.59838603E+06
     ITER =  150     OBJ =  0.59838227E+06
     ITER =  151     OBJ =  0.59836797E+06
     ITER =  152     OBJ =  0.59836118E+06
     ITER =  153     OBJ =  0.59835122E+06
     ITER =  154     OBJ =  0.59833624E+06
     ITER =  155     OBJ =  0.59834009E+06
     ITER =  156     OBJ =  0.59833834E+06
     ITER =  157     OBJ =  0.59833448E+06
     ITER =  158     OBJ =  0.59832784E+06
     ITER =  159     OBJ =  0.59832773E+06
     ITER =  160     OBJ =  0.59831905E+06
     ITER =  161     OBJ =  0.59831307E+06
     ITER =  162     OBJ =  0.59828808E+06
     ITER =  163     OBJ =  0.59827702E+06
     ITER =  164     OBJ =  0.59826788E+06
     ITER =  165     OBJ =  0.59825655E+06
     ITER =  166     OBJ =  0.59820491E+06
     ITER =  167     OBJ =  0.59818296E+06
     ITER =  168     OBJ =  0.59818591E+06
     ITER =  169     OBJ =  0.59816106E+06
     ITER =  170     OBJ =  0.59808935E+06
     ITER =  171     OBJ =  0.59808984E+06
     ITER =  172     OBJ =  0.59807084E+06
     ITER =  173     OBJ =  0.59807627E+06
     ITER =  174     OBJ =  0.59807598E+06
     ITER =  175     OBJ =  0.59807086E+06
     ITER =  176     OBJ =  0.59804524E+06
     ITER =  177     OBJ =  0.59798293E+06
     ITER =  178     OBJ =  0.59785790E+06
     ITER =  179     OBJ =  0.59780040E+06
     ITER =  180     OBJ =  0.59781727E+06
     ITER =  181     OBJ =  0.59781646E+06
     ITER =  182     OBJ =  0.59781584E+06
     ITER =  183     OBJ =  0.59781582E+06
     ITER =  184     OBJ =  0.59781349E+06
     ITER =  185     OBJ =  0.59781021E+06
     ITER =  186     OBJ =  0.59780215E+06
     ITER =  187     OBJ =  0.59778974E+06
     ITER =  188     OBJ =  0.59777161E+06
     ITER =  189     OBJ =  0.59774439E+06
     ITER =  190     OBJ =  0.59769331E+06
     ITER =  191     OBJ =  0.59760899E+06
     ITER =  192     OBJ =  0.59754997E+06
     ITER =  193     OBJ =  0.59737985E+06
     ITER =  194     OBJ =  0.59734662E+06
     ITER =  195     OBJ =  0.59728759E+06
     ITER =  196     OBJ =  0.59727745E+06
     ITER =  197     OBJ =  0.59724776E+06
     ITER =  198     OBJ =  0.59725561E+06
     ITER =  199     OBJ =  0.59725281E+06
     ITER =  200     OBJ =  0.59725224E+06
     ITER =  201     OBJ =  0.59725138E+06
     ITER =  202     OBJ =  0.59724672E+06
     ITER =  203     OBJ =  0.59723784E+06
     ITER =  204     OBJ =  0.59721559E+06
     ITER =  205     OBJ =  0.59719542E+06
     ITER =  206     OBJ =  0.59715616E+06
     ITER =  207     OBJ =  0.59712706E+06
     ITER =  208     OBJ =  0.59711919E+06
     ITER =  209     OBJ =  0.59705504E+06
     ITER =  210     OBJ =  0.59692169E+06
     ITER =  211     OBJ =  0.59642074E+06
     ITER =  212     OBJ =  0.59626126E+06
     ITER =  213     OBJ =  0.59622400E+06
     ITER =  214     OBJ =  0.59623400E+06
     ITER =  215     OBJ =  0.59623488E+06
     ITER =  216     OBJ =  0.59623390E+06
     ITER =  217     OBJ =  0.59623337E+06
     ITER =  218     OBJ =  0.59623285E+06
     ITER =  219     OBJ =  0.59623046E+06
     ITER =  220     OBJ =  0.59622653E+06
     ITER =  221     OBJ =  0.59621711E+06
     ITER =  222     OBJ =  0.59619977E+06
     ITER =  223     OBJ =  0.59612702E+06
     ITER =  224     OBJ =  0.59604400E+06
     ITER =  225     OBJ =  0.59591475E+06
     ITER =  226     OBJ =  0.59584388E+06
     ITER =  227     OBJ =  0.59574022E+06
     ITER =  228     OBJ =  0.59575743E+06
     ITER =  229     OBJ =  0.59572256E+06
     ITER =  230     OBJ =  0.59562675E+06
     ITER =  231     OBJ =  0.59560427E+06
     ITER =  232     OBJ =  0.59555976E+06
     ITER =  233     OBJ =  0.59555069E+06
     ITER =  234     OBJ =  0.59555365E+06
     ITER =  235     OBJ =  0.59555294E+06
     ITER =  236     OBJ =  0.59555295E+06
     ITER =  237     OBJ =  0.59555181E+06
     ITER =  238     OBJ =  0.59554651E+06
     ITER =  239     OBJ =  0.59553834E+06
     ITER =  240     OBJ =  0.59552996E+06
     ITER =  241     OBJ =  0.59549153E+06
     ITER =  242     OBJ =  0.59541507E+06
     ITER =  243     OBJ =  0.59530012E+06
     ITER =  244     OBJ =  0.59478761E+06
     ITER =  245     OBJ =  0.59411115E+06
     ITER =  246     OBJ =  0.59422733E+06
     ITER =  247     OBJ =  0.59422229E+06
     ITER =  248     OBJ =  0.59418799E+06
     ITER =  249     OBJ =  0.59416748E+06
     ITER =  250     OBJ =  0.59417568E+06
     ITER =  251     OBJ =  0.59417391E+06
     ITER =  252     OBJ =  0.59416513E+06
     ITER =  253     OBJ =  0.59412197E+06
     ITER =  254     OBJ =  0.59392292E+06
     ITER =  255     OBJ =  0.59360714E+06
     ITER =  256     OBJ =  0.59309157E+06
     ITER =  257     OBJ =  0.59272652E+06
     ITER =  258     OBJ =  0.59214401E+06
     ITER =  259     OBJ =  0.59213793E+06
     ITER =  260     OBJ =  0.59199332E+06
     ITER =  261     OBJ =  0.59177021E+06
     ITER =  262     OBJ =  0.59180102E+06
     ITER =  263     OBJ =  0.59173756E+06
     ITER =  264     OBJ =  0.59163888E+06
     ITER =  265     OBJ =  0.59163431E+06
     ITER =  266     OBJ =  0.59161496E+06
     ITER =  267     OBJ =  0.59161124E+06
     ITER =  268     OBJ =  0.59159379E+06
     ITER =  269     OBJ =  0.59156456E+06
     ITER =  270     OBJ =  0.59157210E+06
     ITER =  271     OBJ =  0.59155854E+06
     ITER =  272     OBJ =  0.59155628E+06
     ITER =  273     OBJ =  0.59155564E+06
     ITER =  274     OBJ =  0.59155449E+06
     ITER =  275     OBJ =  0.59154667E+06
     ITER =  276     OBJ =  0.59154464E+06
     ITER =  277     OBJ =  0.59154555E+06
     ITER =  278     OBJ =  0.59154415E+06
     ITER =  279     OBJ =  0.59154306E+06
     ITER =  280     OBJ =  0.59154135E+06
     ITER =  281     OBJ =  0.59153926E+06
     ITER =  282     OBJ =  0.59153777E+06
     ITER =  283     OBJ =  0.59153642E+06
     ITER =  284     OBJ =  0.59153494E+06
     ITER =  285     OBJ =  0.59153030E+06
     ITER =  286     OBJ =  0.59152130E+06
     ITER =  287     OBJ =  0.59150443E+06
     ITER =  288     OBJ =  0.59145492E+06
     ITER =  289     OBJ =  0.59142199E+06
     ITER =  290     OBJ =  0.59136019E+06
     ITER =  291     OBJ =  0.59135740E+06
     ITER =  292     OBJ =  0.59129583E+06
     ITER =  293     OBJ =  0.59123201E+06
     ITER =  294     OBJ =  0.59107652E+06
     ITER =  295     OBJ =  0.59099649E+06
     ITER =  296     OBJ =  0.59057635E+06
     ITER =  297     OBJ =  0.59014061E+06
     ITER =  298     OBJ =  0.59015324E+06
     ITER =  299     OBJ =  0.59010674E+06
     ITER =  300     OBJ =  0.59006937E+06
     ITER =  301     OBJ =  0.59005337E+06
     ITER =  302     OBJ =  0.59004274E+06
     ITER =  303     OBJ =  0.59003718E+06
     ITER =  304     OBJ =  0.59002842E+06
     ITER =  305     OBJ =  0.59002210E+06
     ITER =  306     OBJ =  0.59001362E+06
     ITER =  307     OBJ =  0.59000717E+06
     ITER =  308     OBJ =  0.59000151E+06
     ITER =  309     OBJ =  0.58999294E+06
     ITER =  310     OBJ =  0.58998857E+06
     ITER =  311     OBJ =  0.58998629E+06
     ITER =  312     OBJ =  0.58998575E+06
     ITER =  313     OBJ =  0.58998571E+06
     ITER =  314     OBJ =  0.58998461E+06
     ITER =  315     OBJ =  0.58998261E+06
     ITER =  316     OBJ =  0.58997689E+06
     ITER =  317     OBJ =  0.58996285E+06
     ITER =  318     OBJ =  0.58992612E+06
     ITER =  319     OBJ =  0.58984107E+06
     ITER =  320     OBJ =  0.58957279E+06
     ITER =  321     OBJ =  0.58896472E+06
     ITER =  322     OBJ =  0.58816402E+06
     ITER =  323     OBJ =  0.58781936E+06
     ITER =  324     OBJ =  0.58707702E+06
     ITER =  325     OBJ =  0.58679266E+06
     ITER =  326     OBJ =  0.58655461E+06
     ITER =  327     OBJ =  0.58634196E+06
     ITER =  328     OBJ =  0.58616439E+06
     ITER =  329     OBJ =  0.58609653E+06
     ITER =  330     OBJ =  0.58605003E+06
     ITER =  331     OBJ =  0.58604237E+06
     ITER =  332     OBJ =  0.58604336E+06
     ITER =  333     OBJ =  0.58602581E+06
     ITER =  334     OBJ =  0.58602456E+06
     ITER =  335     OBJ =  0.58601555E+06
     ITER =  336     OBJ =  0.58601739E+06
     ITER =  337     OBJ =  0.58601560E+06
     ITER =  338     OBJ =  0.58601627E+06
     ITER =  339     OBJ =  0.58601568E+06
     ITER =  340     OBJ =  0.58601480E+06
     ITER =  341     OBJ =  0.58601256E+06
     ITER =  342     OBJ =  0.58600790E+06
     ITER =  343     OBJ =  0.58600150E+06
     ITER =  344     OBJ =  0.58597445E+06
     ITER =  345     OBJ =  0.58592547E+06
     ITER =  346     OBJ =  0.58583915E+06
     ITER =  347     OBJ =  0.58578549E+06
     ITER =  348     OBJ =  0.58573767E+06
     ITER =  349     OBJ =  0.58567388E+06
     ITER =  350     OBJ =  0.58548676E+06
     ITER =  351     OBJ =  0.58509914E+06
     ITER =  352     OBJ =  0.58481236E+06
     ITER =  353     OBJ =  0.58367947E+06
     ITER =  354     OBJ =  0.58400259E+06
     ITER =  355     OBJ =  0.58391188E+06
     ITER =  356     OBJ =  0.58387495E+06
     ITER =  357     OBJ =  0.58385816E+06
     ITER =  358     OBJ =  0.58383987E+06
     ITER =  359     OBJ =  0.58383975E+06
     ITER =  360     OBJ =  0.58384017E+06
     ITER =  361     OBJ =  0.58383610E+06
     ITER =  362     OBJ =  0.58383667E+06
     ITER =  363     OBJ =  0.58383577E+06
     ITER =  364     OBJ =  0.58383574E+06
     ITER =  365     OBJ =  0.58383508E+06
     ITER =  366     OBJ =  0.58383461E+06
     ITER =  367     OBJ =  0.58383323E+06
     ITER =  368     OBJ =  0.58383068E+06
     ITER =  369     OBJ =  0.58382537E+06
     ITER =  370     OBJ =  0.58381640E+06
     ITER =  371     OBJ =  0.58380303E+06
     ITER =  372     OBJ =  0.58378504E+06
     ITER =  373     OBJ =  0.58375486E+06
     ITER =  374     OBJ =  0.58369740E+06
     ITER =  375     OBJ =  0.58358554E+06
     ITER =  376     OBJ =  0.58331098E+06
     ITER =  377     OBJ =  0.58256942E+06
     ITER =  378     OBJ =  0.58246686E+06
     ITER =  379     OBJ =  0.58179847E+06
     ITER =  380     OBJ =  0.58189738E+06
     ITER =  381     OBJ =  0.58189225E+06
     ITER =  382     OBJ =  0.58186671E+06
     ITER =  383     OBJ =  0.58187017E+06
     ITER =  384     OBJ =  0.58185350E+06
     ITER =  385     OBJ =  0.58185777E+06
     ITER =  386     OBJ =  0.58185504E+06
     ITER =  387     OBJ =  0.58185270E+06
     ITER =  388     OBJ =  0.58184899E+06
     ITER =  389     OBJ =  0.58184627E+06
     ITER =  390     OBJ =  0.58183458E+06
     ITER =  391     OBJ =  0.58181425E+06
     ITER =  392     OBJ =  0.58174401E+06
     ITER =  393     OBJ =  0.58170519E+06
     ITER =  394     OBJ =  0.58163143E+06
     ITER =  395     OBJ =  0.58163441E+06
     ITER =  396     OBJ =  0.58163471E+06
     ITER =  397     OBJ =  0.58161945E+06
     ITER =  398     OBJ =  0.58162180E+06
     ITER =  399     OBJ =  0.58162200E+06
     ITER =  400     OBJ =  0.58162160E+06
     ITER =  401     OBJ =  0.58162154E+06
     ITER =  402     OBJ =  0.58162058E+06
     ITER =  403     OBJ =  0.58161958E+06
     ITER =  404     OBJ =  0.58161760E+06
     ITER =  405     OBJ =  0.58160501E+06
     ITER =  406     OBJ =  0.58156894E+06
     ITER =  407     OBJ =  0.58152172E+06
     ITER =  408     OBJ =  0.58118414E+06
     ITER =  409     OBJ =  0.58079254E+06
     ITER =  410     OBJ =  0.57867348E+06
     ITER =  411     OBJ =  0.57670561E+06
     ITER =  412     OBJ =  0.57384349E+06
     ITER =  413     OBJ =  0.57476979E+06
     ITER =  414     OBJ =  0.57454420E+06
     ITER =  415     OBJ =  0.57434868E+06
     ITER =  416     OBJ =  0.57441622E+06
     ITER =  417     OBJ =  0.57438138E+06
     ITER =  418     OBJ =  0.57438477E+06
     ITER =  419     OBJ =  0.57437992E+06
     ITER =  420     OBJ =  0.57437436E+06
     ITER =  421     OBJ =  0.57436856E+06
     ITER =  422     OBJ =  0.57436616E+06
     ITER =  423     OBJ =  0.57436453E+06
     ITER =  424     OBJ =  0.57436110E+06
     ITER =  425     OBJ =  0.57435941E+06
     ITER =  426     OBJ =  0.57435194E+06
     ITER =  427     OBJ =  0.57434756E+06
     ITER =  428     OBJ =  0.57434395E+06
     ITER =  429     OBJ =  0.57434217E+06
     ITER =  430     OBJ =  0.57433988E+06
     ITER =  431     OBJ =  0.57433952E+06
     ITER =  432     OBJ =  0.57433881E+06
     ITER =  433     OBJ =  0.57433778E+06
     ITER =  434     OBJ =  0.57433657E+06
     ITER =  435     OBJ =  0.57433033E+06
     ITER =  436     OBJ =  0.57432742E+06
     ITER =  437     OBJ =  0.57431160E+06
     ITER =  438     OBJ =  0.57428277E+06
     ITER =  439     OBJ =  0.57422538E+06
     ITER =  440     OBJ =  0.57412450E+06
     ITER =  441     OBJ =  0.57373395E+06
     ITER =  442     OBJ =  0.57358663E+06
     ITER =  443     OBJ =  0.57262469E+06
     ITER =  444     OBJ =  0.57109559E+06
     ITER =  445     OBJ =  0.57069005E+06
     ITER =  446     OBJ =  0.57011183E+06
     ITER =  447     OBJ =  0.56975930E+06
     ITER =  448     OBJ =  0.56959096E+06
     ITER =  449     OBJ =  0.56948185E+06
     ITER =  450     OBJ =  0.56941845E+06
     ITER =  451     OBJ =  0.56924701E+06
     ITER =  452     OBJ =  0.56921747E+06
     ITER =  453     OBJ =  0.56917037E+06
     ITER =  454     OBJ =  0.56910318E+06
     ITER =  455     OBJ =  0.56912907E+06
     ITER =  456     OBJ =  0.56910459E+06
     ITER =  457     OBJ =  0.56906948E+06
     ITER =  458     OBJ =  0.56907356E+06
     ITER =  459     OBJ =  0.56905972E+06
     ITER =  460     OBJ =  0.56906107E+06
     ITER =  461     OBJ =  0.56906027E+06
     ITER =  462     OBJ =  0.56905937E+06
     ITER =  463     OBJ =  0.56905876E+06
     ITER =  464     OBJ =  0.56905796E+06
     ITER =  465     OBJ =  0.56905740E+06
     ITER =  466     OBJ =  0.56905590E+06
     ITER =  467     OBJ =  0.56905603E+06
     ITER =  468     OBJ =  0.56905506E+06
     ITER =  469     OBJ =  0.56905543E+06
     ITER =  470     OBJ =  0.56905510E+06
     ITER =  471     OBJ =  0.56905496E+06
     ITER =  472     OBJ =  0.56905434E+06
     ITER =  473     OBJ =  0.56905329E+06
     ITER =  474     OBJ =  0.56905150E+06
     ITER =  475     OBJ =  0.56904065E+06
     ITER =  476     OBJ =  0.56903349E+06
     ITER =  477     OBJ =  0.56901269E+06
     ITER =  478     OBJ =  0.56895704E+06
     ITER =  479     OBJ =  0.56885148E+06
     ITER =  480     OBJ =  0.56863546E+06
     ITER =  481     OBJ =  0.56830590E+06
     ITER =  482     OBJ =  0.56775246E+06
     ITER =  483     OBJ =  0.56714450E+06
     ITER =  484     OBJ =  0.56634464E+06
     ITER =  485     OBJ =  0.56593526E+06
     ITER =  486     OBJ =  0.56582490E+06
     ITER =  487     OBJ =  0.56586509E+06
     ITER =  488     OBJ =  0.56579172E+06
     ITER =  489     OBJ =  0.56577035E+06
     ITER =  490     OBJ =  0.56574739E+06
     ITER =  491     OBJ =  0.56575853E+06
     ITER =  492     OBJ =  0.56575232E+06
     ITER =  493     OBJ =  0.56575352E+06
     ITER =  494     OBJ =  0.56575280E+06
     ITER =  495     OBJ =  0.56575176E+06
     ITER =  496     OBJ =  0.56575085E+06
     ITER =  497     OBJ =  0.56575055E+06
     ITER =  498     OBJ =  0.56575057E+06
     ITER =  499     OBJ =  0.56575053E+06
     ITER =  500     OBJ =  0.56575038E+06
        NUMBER OF FUNC-CALLS:  NFUNC = 579
        NUMBER OF GRAD-CALLS:  NGRAD = 501
